Array
(
    [request] => Array
        (
            [event] => ONAPPINSTALL
            [event_handler_id] => 41
            [data] => Array
                (
                    [VERSION] => 1
                    [ACTIVE] => Y
                    [INSTALLED] => Y
                    [LANGUAGE_ID] => ru
                )

            [ts] => 1752900930
            [auth] => Array
                (
                    [access_token] => 52337b68007a75aa0074a1940000001b000007f6ddd61dbd5f5412e2bad07b919b1b2f
                    [expires] => 1752904530
                    [expires_in] => 3600
                    [scope] => crm,contact_center
                    [domain] => b24-kvdvd3.bitrix24.kz
                    [server_endpoint] => https://oauth.bitrix24.tech/rest/
                    [status] => L
                    [client_endpoint] => https://b24-kvdvd3.bitrix24.kz/rest/
                    [member_id] => 4d554c1abed5aa27dd8de1782cfb413c
                    [user_id] => 27
                    [refresh_token] => 42b2a268007a75aa0074a1940000001b0000076d061fe8a125cc8df03c3dfd3d4b2bbc
                    [application_token] => 06c5e49ee2d6cc49c9602d3acfe5876a
                )

        )

    [result] => Array
        (
            [rest_only] => 1
            [install] => 1
        )

)

----------------------------------------
Array
(
    [request] => Array
        (
            [event] => ONAPPINSTALL
            [event_handler_id] => 41
            [data] => Array
                (
                    [VERSION] => 1
                    [ACTIVE] => Y
                    [INSTALLED] => Y
                    [LANGUAGE_ID] => ru
                )

            [ts] => 1752900935
            [auth] => Array
                (
                    [access_token] => 57337b68007a75aa0074a1940000001b000007aa3db4e3c7b42a717f299741da7ab48b
                    [expires] => 1752904535
                    [expires_in] => 3600
                    [scope] => crm,contact_center
                    [domain] => b24-kvdvd3.bitrix24.kz
                    [server_endpoint] => https://oauth.bitrix24.tech/rest/
                    [status] => L
                    [client_endpoint] => https://b24-kvdvd3.bitrix24.kz/rest/
                    [member_id] => 4d554c1abed5aa27dd8de1782cfb413c
                    [user_id] => 27
                    [refresh_token] => 47b2a268007a75aa0074a1940000001b00000744afc313902791db2917e892fe6a469b
                    [application_token] => 06c5e49ee2d6cc49c9602d3acfe5876a
                )

        )

    [result] => Array
        (
            [rest_only] => 1
            [install] => 1
        )

)

----------------------------------------
Array
(
    [request] => Array
        (
            [event] => ONAPPINSTALL
            [event_handler_id] => 41
            [data] => Array
                (
                    [VERSION] => 1
                    [ACTIVE] => Y
                    [INSTALLED] => Y
                    [LANGUAGE_ID] => ru
                )

            [ts] => 1752900969
            [auth] => Array
                (
                    [access_token] => 79337b68007a75aa0074a1940000001b0000073811d701af73b479b0e42cc89e2bd34f
                    [expires] => 1752904569
                    [expires_in] => 3600
                    [scope] => crm,contact_center
                    [domain] => b24-kvdvd3.bitrix24.kz
                    [server_endpoint] => https://oauth.bitrix24.tech/rest/
                    [status] => L
                    [client_endpoint] => https://b24-kvdvd3.bitrix24.kz/rest/
                    [member_id] => 4d554c1abed5aa27dd8de1782cfb413c
                    [user_id] => 27
                    [refresh_token] => 69b2a268007a75aa0074a1940000001b0000076284701fef644da17e8c37c59c75673a
                    [application_token] => 06c5e49ee2d6cc49c9602d3acfe5876a
                )

        )

    [result] => Array
        (
            [rest_only] => 1
            [install] => 1
        )

)

----------------------------------------
Array
(
    [request] => Array
        (
            [event] => ONAPPINSTALL
            [event_handler_id] => 41
            [data] => Array
                (
                    [VERSION] => 1
                    [ACTIVE] => Y
                    [INSTALLED] => Y
                    [LANGUAGE_ID] => ru
                )

            [ts] => 1752901305
            [auth] => Array
                (
                    [access_token] => c9347b68007a75aa0074a1940000001b000007815555c414952788d22adc1a3c03895e
                    [expires] => 1752904905
                    [expires_in] => 3600
                    [scope] => crm,contact_center
                    [domain] => b24-kvdvd3.bitrix24.kz
                    [server_endpoint] => https://oauth.bitrix24.tech/rest/
                    [status] => L
                    [client_endpoint] => https://b24-kvdvd3.bitrix24.kz/rest/
                    [member_id] => 4d554c1abed5aa27dd8de1782cfb413c
                    [user_id] => 27
                    [refresh_token] => b9b3a268007a75aa0074a1940000001b000007d07438432a09fe9abfa107c943ccfd49
                    [application_token] => 06c5e49ee2d6cc49c9602d3acfe5876a
                )

        )

    [result] => Array
        (
            [rest_only] => 1
            [install] => 1
        )

)

----------------------------------------
